Build started 7/4/2013 9:23:56 PM.
     1>Project "C:\Users\qinchuan\Documents\GitHub\BasicProgram\SPAUserInterface\SPAUserInterface.vcxproj" on node 3 (build target(s)).
     1>InitializeBuildStatus:
         Touching "Debug\SPAUserInterface.unsuccessfulbuild".
       GenerateTargetFrameworkMonikerAttribute:
       Skipping target "GenerateTargetFrameworkMonikerAttribute" because all output files are up-to-date with respect to the input files.
       ClCompile:
         All outputs are up-to-date.
         c:\Program Files (x86)\Microsoft Visual Studio 10.0\VC\bin\CL.exe /c /AI"C:\Program Files (x86)\Reference Assemblies\Microsoft\Framework\.NETFramework\v4.0" /Zi /clr:pure /nologo /W3 /WX- /Od /Oy- /D WIN32 /D _DEBUG /D _UNICODE /D UNICODE /EHa /MDd /GS /fp:precise /Zc:wchar_t /Zc:forScope /Fo"Debug\\" /Fd"Debug\vc100.pdb" /TP /FU"C:\Program Files (x86)\Reference Assemblies\Microsoft\Framework\.NETFramework\v4.0\System.Core.dll" /FU"C:\Program Files (x86)\Reference Assemblies\Microsoft\Framework\.NETFramework\v4.0\System.Data.dll" /FU"C:\Program Files (x86)\Reference Assemblies\Microsoft\Framework\.NETFramework\v4.0\System.dll" /FU"C:\Program Files (x86)\Reference Assemblies\Microsoft\Framework\.NETFramework\v4.0\System.Drawing.dll" /FU"C:\Program Files (x86)\Reference Assemblies\Microsoft\Framework\.NETFramework\v4.0\System.Windows.Forms.dll" /FU"C:\Program Files (x86)\Reference Assemblies\Microsoft\Framework\.NETFramework\v4.0\System.Xml.dll" /analyze- /errorReport:prompt ..\SPA\AST.cpp ..\SPA\Follows.cpp ..\SPA\FrontEndController.cpp ..\SPA\GrammarTable.cpp ..\SPA\Modifies.cpp ..\SPA\PKB.cpp ..\SPA\PQLController.cpp ..\SPA\Parent.cpp ..\SPA\Parser.cpp ..\SPA\Pattern.cpp ..\SPA\ProcTable.cpp ..\SPA\Procedure.cpp ..\SPA\QTREE.cpp ..\SPA\QueryEvaluator.cpp ..\SPA\QueryFormatter.cpp ..\SPA\QueryPreprocessor.cpp ..\SPA\SPAController.cpp ..\SPA\SuchThat.cpp ..\SPA\Uses.cpp ..\SPA\VarTable.cpp AssemblyInfo.cpp SPAUserInterface.cpp /clr:nostdlib 
         AST.cpp
     1>c:\users\qinchuan\documents\github\basicprogram\spa\Global_Data_Abstraction.h(14): fatal error C1083: Cannot open include file: 'tbb.h': No such file or directory
         Follows.cpp
     1>c:\users\qinchuan\documents\github\basicprogram\spa\Global_Data_Abstraction.h(14): fatal error C1083: Cannot open include file: 'tbb.h': No such file or directory
         FrontEndController.cpp
     1>c:\users\qinchuan\documents\github\basicprogram\spa\Global_Data_Abstraction.h(14): fatal error C1083: Cannot open include file: 'tbb.h': No such file or directory
         GrammarTable.cpp
     1>c:\users\qinchuan\documents\github\basicprogram\spa\GrammarTable.h(2): warning C4067: unexpected tokens following preprocessor directive - expected a newline
     1>c:\users\qinchuan\documents\github\basicprogram\spa\Global_Data_Abstraction.h(14): fatal error C1083: Cannot open include file: 'tbb.h': No such file or directory
         Modifies.cpp
     1>Done Building Project "C:\Users\qinchuan\Documents\GitHub\BasicProgram\SPAUserInterface\SPAUserInterface.vcxproj" (build target(s)) -- FAILED.

Build FAILED.

Time Elapsed 00:00:06.11
